<?xml version="1.0" encoding="UTF-8"?>
<testsuite name="org.example.dao.EmployeeDaoTest" tests="1" skipped="0" failures="0" errors="0" timestamp="2024-01-15T20:01:03" hostname="DESKTOP-47LRKVB" time="1.798">
  <properties/>
  <testcase name="findByNameStartingWith()" classname="org.example.dao.EmployeeDaoTest" time="1.798"/>
  <system-out><![CDATA[
 Name starts with Emp1: 
[INFO ] 2024-01-15 22:01:04.176 [Test worker] Version - HHH000412: Hibernate ORM core version 5.6.15.Final
[INFO ] 2024-01-15 22:01:04.181 [Test worker] Environment - HHH000205: Loaded properties from resource hibernate.properties: {hibernate.connection.driver_class=com.mysql.cj.jdbc.Driver, hibernate.dialect.storage_engine=innodb, hibernate.hbm2ddl.auto=update, hibernate.dialect=org.hibernate.dialect.MySQL5Dialect, hibernate.connection.password=****, hibernate.connection.username=root, hibernate.connection.url=jdbc:mysql://localhost:3306/transportcompany?createDatabaseIfNotExist=true&useSSL=true&serverTimezone=UTC, hibernate.bytecode.use_reflection_optimizer=false, hibernate.show_sql=true}
[INFO ] 2024-01-15 22:01:04.376 [Test worker] Version - HCANN000001: Hibernate Commons Annotations {5.1.2.Final}
[WARN ] 2024-01-15 22:01:04.481 [Test worker] pooling - HHH10001002: Using Hibernate built-in connection pool (not for production use!)
[INFO ] 2024-01-15 22:01:04.486 [Test worker] pooling - HHH10001005: using driver [com.mysql.cj.jdbc.Driver] at URL [jdbc:mysql://localhost:3306/transportcompany?createDatabaseIfNotExist=true&useSSL=true&serverTimezone=UTC]
[INFO ] 2024-01-15 22:01:04.487 [Test worker] pooling - HHH10001001: Connection properties: {password=****, user=root}
[INFO ] 2024-01-15 22:01:04.487 [Test worker] pooling - HHH10001003: Autocommit mode: false
[INFO ] 2024-01-15 22:01:04.489 [Test worker] DriverManagerConnectionProviderImpl - HHH000115: Hibernate connection pool size: 20 (min=1)
[INFO ] 2024-01-15 22:01:04.763 [Test worker] Dialect - HHH000400: Using dialect: org.hibernate.dialect.MySQL5Dialect
[INFO ] 2024-01-15 22:01:05.333 [Test worker] access - HHH10001501: Connection obtained from JdbcConnectionAccess [org.hibernate.engine.jdbc.env.internal.JdbcEnvironmentInitiator$ConnectionProviderJdbcConnectionAccess@698d6d30] for (non-JTA) DDL execution was not in auto-commit mode; the Connection 'local transaction' will be committed and the Connection will be set into auto-commit mode.
[INFO ] 2024-01-15 22:01:05.414 [Test worker] JtaPlatformInitiator - HHH000490: Using JtaPlatform implementation: [org.hibernate.engine.transaction.jta.platform.internal.NoJtaPlatform]
[DEBUG] 2024-01-15 22:01:05.552 [Test worker] SQL - select employee0_.id as id1_2_, employee0_.can_transport_crowds as can_tran2_2_, employee0_.can_transport_special_cargo as can_tran3_2_, employee0_.company_id as company_7_2_, employee0_.name as name4_2_, employee0_.phone_number as phone_nu5_2_, employee0_.salary as salary6_2_ from employee employee0_ where employee0_.name like ?
Hibernate: select employee0_.id as id1_2_, employee0_.can_transport_crowds as can_tran2_2_, employee0_.can_transport_special_cargo as can_tran3_2_, employee0_.company_id as company_7_2_, employee0_.name as name4_2_, employee0_.phone_number as phone_nu5_2_, employee0_.salary as salary6_2_ from employee employee0_ where employee0_.name like ?
[TRACE] 2024-01-15 22:01:05.554 [Test worker] BasicBinder - binding parameter [1] as [VARCHAR] - [Emp1%]
[TRACE] 2024-01-15 22:01:05.557 [Test worker] BasicExtractor - extracted value ([id1_2_] : [BIGINT]) - [1]
[TRACE] 2024-01-15 22:01:05.564 [Test worker] BasicExtractor - extracted value ([can_tran2_2_] : [BOOLEAN]) - [true]
[TRACE] 2024-01-15 22:01:05.564 [Test worker] BasicExtractor - extracted value ([can_tran3_2_] : [BOOLEAN]) - [true]
[TRACE] 2024-01-15 22:01:05.564 [Test worker] BasicExtractor - extracted value ([company_7_2_] : [BIGINT]) - [1]
[TRACE] 2024-01-15 22:01:05.565 [Test worker] BasicExtractor - extracted value ([name4_2_] : [VARCHAR]) - [Emp1]
[TRACE] 2024-01-15 22:01:05.565 [Test worker] BasicExtractor - extracted value ([phone_nu5_2_] : [VARCHAR]) - [111]
[TRACE] 2024-01-15 22:01:05.565 [Test worker] BasicExtractor - extracted value ([salary6_2_] : [BIGINT]) - [2000]
[DEBUG] 2024-01-15 22:01:05.570 [Test worker] SQL - select company0_.id as id1_1_0_, company0_.address as address2_1_0_, company0_.name as name3_1_0_ from company company0_ where company0_.id=?
Hibernate: select company0_.id as id1_1_0_, company0_.address as address2_1_0_, company0_.name as name3_1_0_ from company company0_ where company0_.id=?
[TRACE] 2024-01-15 22:01:05.571 [Test worker] BasicBinder - binding parameter [1] as [BIGINT] - [1]
[TRACE] 2024-01-15 22:01:05.574 [Test worker] BasicExtractor - extracted value ([address2_1_0_] : [VARCHAR]) - [Address1]
[TRACE] 2024-01-15 22:01:05.574 [Test worker] BasicExtractor - extracted value ([name3_1_0_] : [VARCHAR]) - [Company1]
Employee{id=1, name='Emp1', phoneNumber='111', salary=2000, canTransportSpecialCargo=true, canTransportCrowds=true, company=Company{id=1, name='Company1', address='Address1'}}
]]></system-out>
  <system-err><![CDATA[]]></system-err>
</testsuite>
